0 verbose cli /usr/bin/node /usr/bin/npm
1 info using npm@9.2.0
2 info using node@v18.19.0
3 timing npm:load:whichnode Completed in 1ms
4 timing config:load:defaults Completed in 3ms
5 timing config:load:file:/usr/share/nodejs/npm/npmrc Completed in 3ms
6 timing config:load:builtin Completed in 4ms
7 timing config:load:cli Completed in 3ms
8 timing config:load:env Completed in 0ms
9 timing config:load:file:/home/niles0711/titan_cloud_ai/.npmrc Completed in 0ms
10 timing config:load:project Completed in 2ms
11 timing config:load:file:/home/niles0711/.npmrc Completed in 0ms
12 timing config:load:user Completed in 0ms
13 timing config:load:file:/etc/npmrc Completed in 0ms
14 timing config:load:global Completed in 0ms
15 timing config:load:setEnvs Completed in 1ms
16 timing config:load Completed in 15ms
17 timing npm:load:configload Completed in 15ms
18 timing npm:load:mkdirpcache Completed in 0ms
19 timing npm:load:mkdirplogs Completed in 1ms
20 verbose title npm run build
21 verbose argv "run" "build"
22 timing npm:load:setTitle Completed in 1ms
23 timing config:load:flatten Completed in 6ms
24 timing npm:load:display Completed in 8ms
25 verbose logfile logs-max:10 dir:/home/niles0711/.npm/_logs/2025-03-04T13_13_06_508Z-
26 verbose logfile /home/niles0711/.npm/_logs/2025-03-04T13_13_06_508Z-debug-0.log
27 timing npm:load:logFile Completed in 6ms
28 timing npm:load:timers Completed in 0ms
29 timing npm:load:configScope Completed in 0ms
30 timing npm:load Completed in 33ms
31 silly logfile start cleaning logs, removing 2 files
32 timing config:load:flatten Completed in 1ms
33 silly logfile done cleaning log files
34 timing command:run Completed in 7ms
35 verbose stack Error: Missing script: "build"
35 verbose stack
35 verbose stack To see a list of scripts, run:
35 verbose stack   npm run
35 verbose stack     at RunScript.run (/usr/share/nodejs/npm/lib/commands/run-script.js:98:13)
35 verbose stack     at async module.exports (/usr/share/nodejs/npm/lib/cli.js:133:5)
36 verbose cwd /home/niles0711/titan_cloud_ai
37 verbose Linux 6.6.65-06377-gaae6fc9ba7df
38 verbose node v18.19.0
39 verbose npm  v9.2.0
40 error Missing script: "build"
40 error
40 error To see a list of scripts, run:
40 error   npm run
41 verbose exit 1
42 timing npm Completed in 67ms
43 verbose code 1
44 error A complete log of this run can be found in:
44 error     /home/niles0711/.npm/_logs/2025-03-04T13_13_06_508Z-debug-0.log
