0 verbose cli /usr/bin/node /usr/bin/npm
1 info using npm@9.2.0
2 info using node@v18.19.0
3 timing npm:load:whichnode Completed in 1ms
4 timing config:load:defaults Completed in 3ms
5 timing config:load:file:/usr/share/nodejs/npm/npmrc Completed in 3ms
6 timing config:load:builtin Completed in 4ms
7 timing config:load:cli Completed in 2ms
8 timing config:load:env Completed in 1ms
9 timing config:load:file:/home/niles0711/LinuxFiles/.npmrc Completed in 0ms
10 timing config:load:project Completed in 2ms
11 timing config:load:file:/home/niles0711/.npmrc Completed in 1ms
12 timing config:load:user Completed in 1ms
13 timing config:load:file:/etc/npmrc Completed in 0ms
14 timing config:load:global Completed in 0ms
15 timing config:load:setEnvs Completed in 1ms
16 timing config:load Completed in 16ms
17 timing npm:load:configload Completed in 16ms
18 timing npm:load:mkdirpcache Completed in 0ms
19 timing npm:load:mkdirplogs Completed in 1ms
20 verbose title npm audit
21 verbose argv "audit"
22 timing npm:load:setTitle Completed in 1ms
23 timing config:load:flatten Completed in 6ms
24 timing npm:load:display Completed in 7ms
25 verbose logfile logs-max:10 dir:/home/niles0711/.npm/_logs/2025-04-02T23_51_06_605Z-
26 verbose logfile /home/niles0711/.npm/_logs/2025-04-02T23_51_06_605Z-debug-0.log
27 timing npm:load:logFile Completed in 7ms
28 timing npm:load:timers Completed in 0ms
29 timing npm:load:configScope Completed in 0ms
30 timing npm:load Completed in 33ms
31 silly logfile start cleaning logs, removing 1 files
32 timing config:load:flatten Completed in 1ms
33 timing arborist:ctor Completed in 1ms
34 silly logfile done cleaning log files
35 silly audit bulk request {
35 silly audit   '@asamuzakjp/css-color': [ '2.8.3' ],
35 silly audit   '@csstools/color-helpers': [ '5.0.2' ],
35 silly audit   '@csstools/css-calc': [ '2.1.2' ],
35 silly audit   '@csstools/css-color-parser': [ '3.0.8' ],
35 silly audit   '@csstools/css-parser-algorithms': [ '3.0.4' ],
35 silly audit   '@csstools/css-tokenizer': [ '3.0.3' ],
35 silly audit   ajv: [ '6.12.6' ],
35 silly audit   amdefine: [ '1.0.1' ],
35 silly audit   asn1: [ '0.2.6' ],
35 silly audit   'assert-plus': [ '1.0.0' ],
35 silly audit   asynckit: [ '0.4.0' ],
35 silly audit   'auto-reload-brunch': [ '1.4.0' ],
35 silly audit   'aws-sign2': [ '0.7.0' ],
35 silly audit   aws4: [ '1.13.2' ],
35 silly audit   'balanced-match': [ '1.0.2' ],
35 silly audit   'bcrypt-pbkdf': [ '1.0.2' ],
35 silly audit   bindings: [ '1.5.0' ],
35 silly audit   'brace-expansion': [ '1.1.11' ],
35 silly audit   caseless: [ '0.12.0' ],
35 silly audit   chainsaw: [ '0.0.9' ],
35 silly audit   'clean-css': [ '0.10.2' ],
35 silly audit   'clean-css-brunch': [ '1.5.1' ],
35 silly audit   'coffee-script': [ '1.3.3', '1.4.0' ],
35 silly audit   'coffee-script-brunch': [ '1.5.1' ],
35 silly audit   coffeelint: [ '2.1.0' ],
35 silly audit   'coffeelint-brunch': [ '1.4.4' ],
35 silly audit   coffeescript: [ '2.7.0' ],
35 silly audit   'combined-stream': [ '1.0.8' ],
35 silly audit   commander: [ '1.1.1', '0.6.1' ],
35 silly audit   'concat-map': [ '0.0.1' ],
35 silly audit   contextify: [ '0.1.15' ],
35 silly audit   'core-util-is': [ '1.0.2' ],
35 silly audit   'css-brunch': [ '1.5.1' ],
35 silly audit   cssom: [ '0.2.5' ],
35 silly audit   cssstyle: [ '4.2.1' ],
35 silly audit   dashdash: [ '1.14.1' ],
35 silly audit   debug: [ '4.4.0' ],
35 silly audit   'delayed-stream': [ '1.0.0' ],
35 silly audit   'ecc-jsbn': [ '0.1.2' ],
35 silly audit   'emblem-brunch': [ '0.1.1' ],
35 silly audit   extend: [ '3.0.2' ],
35 silly audit   extsprintf: [ '1.3.0' ],
35 silly audit   'fast-deep-equal': [ '3.1.3' ],
35 silly audit   'fast-json-stable-stringify': [ '2.1.0' ],
35 silly audit   'file-uri-to-path': [ '1.0.0' ],
35 silly audit   'forever-agent': [ '0.6.1' ],
35 silly audit   'form-data': [ '2.3.3' ],
35 silly audit   'fs.realpath': [ '1.0.0' ],
35 silly audit   getpass: [ '0.1.7' ],
35 silly audit   glob: [ '7.2.3' ],
35 silly audit   'har-schema': [ '2.0.0' ],
35 silly audit   'har-validator': [ '5.1.5' ],
35 silly audit   hashish: [ '0.0.4' ],
35 silly audit   htmlparser: [ '1.7.7' ],
35 silly audit   'http-signature': [ '1.2.0' ],
35 silly audit   ignore: [ '3.3.10' ],
35 silly audit   imagemagick: [ '0.1.2' ],
35 silly audit   inflight: [ '1.0.6' ],
35 silly audit   inherits: [ '2.0.4' ],
35 silly audit   'is-typedarray': [ '1.0.0' ],
35 silly audit   isstream: [ '0.1.2' ],
35 silly audit   'javascript-brunch': [ '1.5.1' ],
35 silly audit   jsbn: [ '0.1.1' ],
35 silly audit   jsdom: [ '0.2.19' ],
35 silly audit   'json-schema': [ '0.4.0' ],
35 silly audit   'json-schema-traverse': [ '0.4.1' ],
35 silly audit   'json-stringify-safe': [ '5.0.1' ],
35 silly audit   jsprim: [ '1.4.2' ],
35 silly audit   keypress: [ '0.1.0' ],
35 silly audit   'lru-cache': [ '10.4.3' ],
35 silly audit   'mime-db': [ '1.52.0' ],
35 silly audit   'mime-types': [ '2.1.35' ],
35 silly audit   minimatch: [ '3.1.2' ],
35 silly audit   minimist: [ '0.0.10' ],
35 silly audit   mkdirp: [ '0.3.5' ],
35 silly audit   ms: [ '2.1.3' ],
35 silly audit   nan: [ '2.22.2' ],
35 silly audit   nib: [ '0.9.2' ],
35 silly audit   stylus: [ '0.31.0', '0.32.1' ],
35 silly audit   'node-sprite': [ '0.1.1' ],
35 silly audit   'oauth-sign': [ '0.9.0' ],
35 silly audit   once: [ '1.4.0' ],
35 silly audit   optimist: [ '0.6.1', '0.3.7' ],
35 silly audit   options: [ '0.0.6' ],
35 silly audit   'package-name': [ '0.1.0' ],
35 silly audit   'path-is-absolute': [ '1.0.1' ],
35 silly audit   'performance-now': [ '2.1.0' ],
35 silly audit   psl: [ '1.15.0' ],
35 silly audit   punycode: [ '2.3.1' ],
35 silly audit   qs: [ '6.5.3' ],
35 silly audit   request: [ '2.88.2' ],
35 silly audit   resolve: [ '0.6.3' ],
35 silly audit   'rrweb-cssom': [ '0.8.0' ],
35 silly audit   'safe-buffer': [ '5.2.1' ],
35 silly audit   'safer-buffer': [ '2.1.2' ],
35 silly audit   seq: [ '0.3.5' ],
35 silly audit   'source-map': [ '0.1.43' ],
35 silly audit   sshpk: [ '1.18.0' ],
35 silly audit   'strip-json-comments': [ '1.0.4' ],
35 silly audit   'stylus-brunch': [ '1.5.1' ],
35 silly audit   tinycolor: [ '0.0.1' ],
35 silly audit   'tough-cookie': [ '2.5.0' ],
35 silly audit   traverse: [ '0.3.9' ],
35 silly audit   'tunnel-agent': [ '0.6.0' ],
35 silly audit   tweetnacl: [ '0.14.5' ],
35 silly audit   'uglify-js': [ '2.2.5' ],
35 silly audit   'uglify-js-brunch': [ '1.5.1' ],
35 silly audit   underscore: [ '1.3.1' ],
35 silly audit   'uri-js': [ '4.4.1' ],
35 silly audit   uuid: [ '3.4.0' ],
35 silly audit   verror: [ '1.10.0' ],
35 silly audit   watch: [ '0.5.1' ],
35 silly audit   wordwrap: [ '0.0.3' ],
35 silly audit   wrappy: [ '1.0.2' ],
35 silly audit   ws: [ '0.4.20' ]
35 silly audit }
36 http fetch POST 200 https://registry.npmjs.org/-/npm/v1/security/advisories/bulk 389ms
37 timing auditReport:getReport Completed in 396ms
38 silly audit report {
38 silly audit report   'clean-css': [
38 silly audit report     {
38 silly audit report       id: 1091669,
38 silly audit report       url: 'https://github.com/advisories/GHSA-wxhq-pm8v-cw75',
38 silly audit report       title: 'Regular Expression Denial of Service in clean-css',
38 silly audit report       severity: 'low',
38 silly audit report       vulnerable_versions: '<4.1.11',
38 silly audit report       cwe: [Array],
38 silly audit report       cvss: [Object]
38 silly audit report     }
38 silly audit report   ],
38 silly audit report   minimist: [
38 silly audit report     {
38 silly audit report       id: 1097677,
38 silly audit report       url: 'https://github.com/advisories/GHSA-xvch-5gv4-984h',
38 silly audit report       title: 'Prototype Pollution in minimist',
38 silly audit report       severity: 'critical',
38 silly audit report       vulnerable_versions: '<0.2.4',
38 silly audit report       cwe: [Array],
38 silly audit report       cvss: [Object]
38 silly audit report     },
38 silly audit report     {
38 silly audit report       id: 1096466,
38 silly audit report       url: 'https://github.com/advisories/GHSA-vh95-rmgr-6w4m',
38 silly audit report       title: 'Prototype Pollution in minimist',
38 silly audit report       severity: 'moderate',
38 silly audit report       vulnerable_versions: '<0.2.1',
38 silly audit report       cwe: [Array],
38 silly audit report       cvss: [Object]
38 silly audit report     }
38 silly audit report   ],
38 silly audit report   request: [
38 silly audit report     {
38 silly audit report       id: 1096727,
38 silly audit report       url: 'https://github.com/advisories/GHSA-p8p7-x288-28g6',
38 silly audit report       title: 'Server-Side Request Forgery in Request',
38 silly audit report       severity: 'moderate',
38 silly audit report       vulnerable_versions: '<=2.88.2',
38 silly audit report       cwe: [Array],
38 silly audit report       cvss: [Object]
38 silly audit report     }
38 silly audit report   ],
38 silly audit report   'tough-cookie': [
38 silly audit report     {
38 silly audit report       id: 1097682,
38 silly audit report       url: 'https://github.com/advisories/GHSA-72xf-g2v4-qvf3',
38 silly audit report       title: 'tough-cookie Prototype Pollution vulnerability',
38 silly audit report       severity: 'moderate',
38 silly audit report       vulnerable_versions: '<4.1.3',
38 silly audit report       cwe: [Array],
38 silly audit report       cvss: [Object]
38 silly audit report     }
38 silly audit report   ],
38 silly audit report   'uglify-js': [
38 silly audit report     {
38 silly audit report       id: 1091686,
38 silly audit report       url: 'https://github.com/advisories/GHSA-c9f4-xj24-8jqx',
38 silly audit report       title: 'Regular Expression Denial of Service in uglify-js',
38 silly audit report       severity: 'high',
38 silly audit report       vulnerable_versions: '<2.6.0',
38 silly audit report       cwe: [Array],
38 silly audit report       cvss: [Object]
38 silly audit report     },
38 silly audit report     {
38 silly audit report       id: 1091710,
38 silly audit report       url: 'https://github.com/advisories/GHSA-34r7-q49f-h37c',
38 silly audit report       title: 'Incorrect Handling of Non-Boolean Comparisons During Minification in uglify-js',
38 silly audit report       severity: 'critical',
38 silly audit report       vulnerable_versions: '<2.4.24',
38 silly audit report       cwe: [Array],
38 silly audit report       cvss: [Object]
38 silly audit report     }
38 silly audit report   ],
38 silly audit report   ws: [
38 silly audit report     {
38 silly audit report       id: 1091478,
38 silly audit report       url: 'https://github.com/advisories/GHSA-5v72-xg48-5rpm',
38 silly audit report       title: 'Denial of Service in ws',
38 silly audit report       severity: 'high',
38 silly audit report       vulnerable_versions: '>=0.2.6 <1.1.5',
38 silly audit report       cwe: [Array],
38 silly audit report       cvss: [Object]
38 silly audit report     },
38 silly audit report     {
38 silly audit report       id: 1093982,
38 silly audit report       url: 'https://github.com/advisories/GHSA-2mhh-w6q8-5hxw',
38 silly audit report       title: 'Remote Memory Disclosure in ws',
38 silly audit report       severity: 'low',
38 silly audit report       vulnerable_versions: '<1.0.1',
38 silly audit report       cwe: [Array],
38 silly audit report       cvss: [Object]
38 silly audit report     },
38 silly audit report     {
38 silly audit report       id: 1090891,
38 silly audit report       url: 'https://github.com/advisories/GHSA-6663-c963-2gqg',
38 silly audit report       title: 'DoS due to excessively large websocket message in ws',
38 silly audit report       severity: 'high',
38 silly audit report       vulnerable_versions: '<1.1.1',
38 silly audit report       cwe: [Array],
38 silly audit report       cvss: [Object]
38 silly audit report     }
38 silly audit report   ]
38 silly audit report }
39 timing metavuln:cache:get:security-advisory:clean-css:iMGvPnQPibsv5sFRVwiwq5tChAgPgMixbCiMVnE7uOtiV7ihb7wX2nCVu/GtFsPTjz/NWWlr2eQ3/hntNL0aVQ== Completed in 38ms
40 timing metavuln:cache:get:security-advisory:minimist:QimlM5Z6RrlJkvnLve505LPmyXiRKjlmN2wsiL9+HewfCu+Fa13/XaY2fHzsWFIjaoVa5OLkSeRydwJ9iPePvQ== Completed in 36ms
41 timing metavuln:cache:get:security-advisory:minimist:rIccfKG/WgGQHCq61vlHWGeeRSnFST18fFsFAPa1Q+DaBX3wJ5inrhpj/FqqHv0K1bfrQHIcbJH1R0VYw1sW5g== Completed in 35ms
42 timing metavuln:cache:get:security-advisory:tough-cookie:HH4YVJ2IpK7ANH6p8LNg+k61Fu3TjSqeiGZyE/iWXMDZiu9lna7Sl4I8RyLwD0qX6/1Wt6M1uDH5lAibFJHdLA== Completed in 33ms
43 timing metavuln:cache:get:security-advisory:uglify-js:hkwtVp5Fvwe6o2MAcQo+RyegEtzqEyBw2xUs87y6TNaHzV+TQ0nkFIvmWpLbAXKt881YQNkvrwPJACyKVdQ1lw== Completed in 33ms
44 timing metavuln:cache:get:security-advisory:request:YWMj9j1MPluG/i7GM3/il619Yyh/e9mxa0CiULhZGXRZl+TQlFyAG7gUf9x/Cj8XvveNYjOq7h13G6ZKSAmEzg== Completed in 36ms
45 timing metavuln:cache:get:security-advisory:uglify-js:sIR+f54Y390B18gaW2mKxeeKExLmqIiE6d/MoH/39jLX6WrSSRO6eq0QhXD261Gq2uqv8C+KXY2/vWEQpGSJ0Q== Completed in 33ms
46 timing metavuln:cache:get:security-advisory:ws:OOTyj3rdoCycsjAu8ggQ4YeThqQp1KuZp6AY44aojML/ef4S4ntpjIGBTczB1C/9SfKtrrWuj8iYb4J6q709tQ== Completed in 32ms
47 timing metavuln:cache:get:security-advisory:ws:aVHUWcfHgV7NM39IXPuIb3m2ocLIXyE4Mot0EnSDI46oN/gWO+U1xr5QLpKo4ZvodKLplXTvf/ggxzcR27XHgQ== Completed in 34ms
48 timing metavuln:cache:get:security-advisory:ws:Txpesqi4pDU7R0EKKVir8IYOT81oqVBYZms6a+VLqx/qspKQ26S9UT+ZxO6FyRubDUkPWrk0txdJg1EsnRkQyQ== Completed in 33ms
49 http fetch GET 200 https://registry.npmjs.org/clean-css 72ms (cache hit)
50 timing metavuln:packument:clean-css Completed in 76ms
51 timing metavuln:load:security-advisory:clean-css:1091669 Completed in 3ms
52 timing metavuln:calculate:security-advisory:clean-css:1091669 Completed in 80ms
53 http fetch GET 200 https://registry.npmjs.org/tough-cookie 78ms (cache hit)
54 timing metavuln:packument:tough-cookie Completed in 80ms
55 timing metavuln:load:security-advisory:tough-cookie:1097682 Completed in 1ms
56 timing metavuln:calculate:security-advisory:tough-cookie:1097682 Completed in 82ms
57 http fetch GET 200 https://registry.npmjs.org/minimist 84ms (cache hit)
58 timing metavuln:packument:minimist Completed in 85ms
59 timing metavuln:load:security-advisory:minimist:1097677 Completed in 0ms
60 timing metavuln:calculate:security-advisory:minimist:1097677 Completed in 85ms
61 timing metavuln:load:security-advisory:minimist:1096466 Completed in 0ms
62 timing metavuln:calculate:security-advisory:minimist:1096466 Completed in 85ms
63 http fetch GET 200 https://registry.npmjs.org/ws 81ms (cache hit)
64 timing metavuln:packument:ws Completed in 85ms
65 timing metavuln:load:security-advisory:ws:1091478 Completed in 1ms
66 timing metavuln:calculate:security-advisory:ws:1091478 Completed in 87ms
67 timing metavuln:load:security-advisory:ws:1093982 Completed in 1ms
68 timing metavuln:calculate:security-advisory:ws:1093982 Completed in 87ms
69 timing metavuln:load:security-advisory:ws:1090891 Completed in 1ms
70 timing metavuln:calculate:security-advisory:ws:1090891 Completed in 88ms
71 http fetch GET 200 https://registry.npmjs.org/uglify-js 90ms (cache hit)
72 timing metavuln:packument:uglify-js Completed in 92ms
73 timing metavuln:load:security-advisory:uglify-js:1091686 Completed in 2ms
74 timing metavuln:calculate:security-advisory:uglify-js:1091686 Completed in 95ms
75 timing metavuln:load:security-advisory:uglify-js:1091710 Completed in 2ms
76 timing metavuln:calculate:security-advisory:uglify-js:1091710 Completed in 98ms
77 http fetch GET 200 https://registry.npmjs.org/request 100ms (cache hit)
78 timing metavuln:packument:request Completed in 104ms
79 timing metavuln:load:security-advisory:request:1096727 Completed in 1ms
80 timing metavuln:calculate:security-advisory:request:1096727 Completed in 105ms
81 timing metavuln:cache:get:security-advisory:clean-css-brunch:e5O9HjtU22JVM0OVjZ/5Jw+hyF8CBqgzuZ6zC53ydvUqpc5mzSBbkJ9ZwU1Wd7yefz57NhYzKCyi/3wlRtjA6g== Completed in 4ms
82 http fetch GET 200 https://registry.npmjs.org/clean-css-brunch 8ms (cache hit)
83 timing metavuln:packument:clean-css-brunch Completed in 8ms
84 timing metavuln:load:security-advisory:clean-css-brunch:iMGvPnQPibsv5sFRVwiwq5tChAgPgMixbCiMVnE7uOtiV7ihb7wX2nCVu/GtFsPTjz/NWWlr2eQ3/hntNL0aVQ== Completed in 0ms
85 timing metavuln:calculate:security-advisory:clean-css-brunch:iMGvPnQPibsv5sFRVwiwq5tChAgPgMixbCiMVnE7uOtiV7ihb7wX2nCVu/GtFsPTjz/NWWlr2eQ3/hntNL0aVQ== Completed in 9ms
86 timing metavuln:cache:get:security-advisory:optimist:tmVmYWS6FQcT7y6XrbgzURIKU76vdRRKah+xrFm+g9dplgQQr5BLqmVbXNlBT5jyeurE5qH/zpqm4XimMXxVfg== Completed in 3ms
87 http fetch GET 200 https://registry.npmjs.org/optimist 8ms (cache hit)
88 timing metavuln:packument:optimist Completed in 8ms
89 timing metavuln:load:security-advisory:optimist:QimlM5Z6RrlJkvnLve505LPmyXiRKjlmN2wsiL9+HewfCu+Fa13/XaY2fHzsWFIjaoVa5OLkSeRydwJ9iPePvQ== Completed in 0ms
90 timing metavuln:calculate:security-advisory:optimist:QimlM5Z6RrlJkvnLve505LPmyXiRKjlmN2wsiL9+HewfCu+Fa13/XaY2fHzsWFIjaoVa5OLkSeRydwJ9iPePvQ== Completed in 9ms
91 timing metavuln:cache:get:security-advisory:jsdom:NUrChmA+vUmQUPTLJ6tJuyWFjtb7mZkYXgH4lycYGv8Erl+jrRUoCMlWzUb2AN/X3L8RcCRagp0IJQr/PmQ8kw== Completed in 3ms
92 http fetch GET 200 https://registry.npmjs.org/jsdom 12ms (cache hit)
93 timing metavuln:packument:jsdom Completed in 18ms
94 timing metavuln:load:security-advisory:jsdom:YWMj9j1MPluG/i7GM3/il619Yyh/e9mxa0CiULhZGXRZl+TQlFyAG7gUf9x/Cj8XvveNYjOq7h13G6ZKSAmEzg== Completed in 2ms
95 timing metavuln:calculate:security-advisory:jsdom:YWMj9j1MPluG/i7GM3/il619Yyh/e9mxa0CiULhZGXRZl+TQlFyAG7gUf9x/Cj8XvveNYjOq7h13G6ZKSAmEzg== Completed in 20ms
96 timing metavuln:cache:get:security-advisory:request:SXLdKIK0oNYiZcJA1zcvQ9uMNgtFuJ8RsciawDgUvI3vk/phuqOevDPc9iKvTxXaWKJ78SqXWm85UEYG2mYHYA== Completed in 2ms
97 timing metavuln:load:security-advisory:request:HH4YVJ2IpK7ANH6p8LNg+k61Fu3TjSqeiGZyE/iWXMDZiu9lna7Sl4I8RyLwD0qX6/1Wt6M1uDH5lAibFJHdLA== Completed in 1ms
98 timing metavuln:calculate:security-advisory:request:HH4YVJ2IpK7ANH6p8LNg+k61Fu3TjSqeiGZyE/iWXMDZiu9lna7Sl4I8RyLwD0qX6/1Wt6M1uDH5lAibFJHdLA== Completed in 3ms
99 timing metavuln:cache:get:security-advisory:uglify-js-brunch:H7iADQmIPrq6M3XiBHNghhy59A5BkYPjMayp4HRfB8q7jVMgCundrsSiZaaULQxJfEh0RWNorX2ZOfEv85Tltg== Completed in 4ms
100 http fetch GET 200 https://registry.npmjs.org/uglify-js-brunch 6ms (cache hit)
101 timing metavuln:packument:uglify-js-brunch Completed in 7ms
102 timing metavuln:load:security-advisory:uglify-js-brunch:hkwtVp5Fvwe6o2MAcQo+RyegEtzqEyBw2xUs87y6TNaHzV+TQ0nkFIvmWpLbAXKt881YQNkvrwPJACyKVdQ1lw== Completed in 1ms
103 timing metavuln:calculate:security-advisory:uglify-js-brunch:hkwtVp5Fvwe6o2MAcQo+RyegEtzqEyBw2xUs87y6TNaHzV+TQ0nkFIvmWpLbAXKt881YQNkvrwPJACyKVdQ1lw== Completed in 8ms
104 timing metavuln:cache:get:security-advisory:auto-reload-brunch:Z6riGLL0YpwnFPPuFm0qVEteSgW14zfzMyVkh14Byz6WgoPK7pkq43ajkSFYqdNNYYlkGdiMW3X5wQmnYfkK+w== Completed in 2ms
105 http fetch GET 200 https://registry.npmjs.org/auto-reload-brunch 6ms (cache hit)
106 timing metavuln:packument:auto-reload-brunch Completed in 7ms
107 timing metavuln:load:security-advisory:auto-reload-brunch:aVHUWcfHgV7NM39IXPuIb3m2ocLIXyE4Mot0EnSDI46oN/gWO+U1xr5QLpKo4ZvodKLplXTvf/ggxzcR27XHgQ== Completed in 0ms
108 timing metavuln:calculate:security-advisory:auto-reload-brunch:aVHUWcfHgV7NM39IXPuIb3m2ocLIXyE4Mot0EnSDI46oN/gWO+U1xr5QLpKo4ZvodKLplXTvf/ggxzcR27XHgQ== Completed in 7ms
109 timing metavuln:cache:get:security-advisory:package-name:sOVJJlFIkMbIcJz9TrYDJx+xll2t15UYubsL3p4/WL2XSH85jDtn6SAOv+aX7NvHZ4jGtwBv9Ioii/v8hQmYGA== Completed in 3ms
110 http fetch GET 200 https://registry.npmjs.org/package-name 7ms (cache hit)
111 timing metavuln:packument:package-name Completed in 8ms
112 timing metavuln:load:security-advisory:package-name:e5O9HjtU22JVM0OVjZ/5Jw+hyF8CBqgzuZ6zC53ydvUqpc5mzSBbkJ9ZwU1Wd7yefz57NhYzKCyi/3wlRtjA6g== Completed in 0ms
113 timing metavuln:calculate:security-advisory:package-name:e5O9HjtU22JVM0OVjZ/5Jw+hyF8CBqgzuZ6zC53ydvUqpc5mzSBbkJ9ZwU1Wd7yefz57NhYzKCyi/3wlRtjA6g== Completed in 8ms
114 timing metavuln:cache:get:security-advisory:coffeelint:R1/BQu+ntguMgngw1Oq4GtQhGQovY1Sn4P82+xy+HPlb2Jb2nisGHmy8joRpujYd3zHiBxOccp8Xd0DYZFyHXQ== Completed in 3ms
115 http fetch GET 200 https://registry.npmjs.org/coffeelint 5ms (cache hit)
116 timing metavuln:packument:coffeelint Completed in 7ms
117 timing metavuln:load:security-advisory:coffeelint:tmVmYWS6FQcT7y6XrbgzURIKU76vdRRKah+xrFm+g9dplgQQr5BLqmVbXNlBT5jyeurE5qH/zpqm4XimMXxVfg== Completed in 1ms
118 timing metavuln:calculate:security-advisory:coffeelint:tmVmYWS6FQcT7y6XrbgzURIKU76vdRRKah+xrFm+g9dplgQQr5BLqmVbXNlBT5jyeurE5qH/zpqm4XimMXxVfg== Completed in 8ms
119 timing metavuln:cache:get:security-advisory:emblem-brunch:/DYXoM+FCwxLLop9gQ4i9q0aqWdUiEaATwCmWfOtwO2uohmQNf232xwpjCrCIFEaVN262bqYvosJ0idC/dIvqg== Completed in 5ms
120 http fetch GET 200 https://registry.npmjs.org/emblem-brunch 6ms (cache hit)
121 timing metavuln:packument:emblem-brunch Completed in 7ms
122 timing metavuln:load:security-advisory:emblem-brunch:NUrChmA+vUmQUPTLJ6tJuyWFjtb7mZkYXgH4lycYGv8Erl+jrRUoCMlWzUb2AN/X3L8RcCRagp0IJQr/PmQ8kw== Completed in 0ms
123 timing metavuln:calculate:security-advisory:emblem-brunch:NUrChmA+vUmQUPTLJ6tJuyWFjtb7mZkYXgH4lycYGv8Erl+jrRUoCMlWzUb2AN/X3L8RcCRagp0IJQr/PmQ8kw== Completed in 7ms
124 timing metavuln:cache:get:security-advisory:package-name:jHD3jSeDaaGGTNWh9FU3pS+vMczauIzfUWxkobQTyrUGdgTQc8za9GPt0jLBDumfCSGTkWrJn7vnnGB4nLhLeQ== Completed in 1ms
125 timing metavuln:load:security-advisory:package-name:H7iADQmIPrq6M3XiBHNghhy59A5BkYPjMayp4HRfB8q7jVMgCundrsSiZaaULQxJfEh0RWNorX2ZOfEv85Tltg== Completed in 0ms
126 timing metavuln:calculate:security-advisory:package-name:H7iADQmIPrq6M3XiBHNghhy59A5BkYPjMayp4HRfB8q7jVMgCundrsSiZaaULQxJfEh0RWNorX2ZOfEv85Tltg== Completed in 1ms
127 timing metavuln:cache:get:security-advisory:package-name:3NJ3h/iWsLndlbYS2tOMQVhubhEnpQOuVlYDQ3n/9eDthqsoNf7Xd0AGOTQbIJoBdG1uZrsXLAm3KFVICgxxcw== Completed in 0ms
128 timing metavuln:load:security-advisory:package-name:Z6riGLL0YpwnFPPuFm0qVEteSgW14zfzMyVkh14Byz6WgoPK7pkq43ajkSFYqdNNYYlkGdiMW3X5wQmnYfkK+w== Completed in 0ms
129 timing metavuln:calculate:security-advisory:package-name:Z6riGLL0YpwnFPPuFm0qVEteSgW14zfzMyVkh14Byz6WgoPK7pkq43ajkSFYqdNNYYlkGdiMW3X5wQmnYfkK+w== Completed in 1ms
130 timing metavuln:cache:get:security-advisory:coffeelint-brunch:7gGHI2TBJPSDbuyvs8bFqNQzEQBFPssAUdhQShPJvMlvh3iSHeB8WMraqttxVOHNy9vRx9r8pBMltq4sOyiUMg== Completed in 3ms
131 http fetch GET 200 https://registry.npmjs.org/coffeelint-brunch 5ms (cache hit)
132 timing metavuln:packument:coffeelint-brunch Completed in 6ms
133 timing metavuln:load:security-advisory:coffeelint-brunch:R1/BQu+ntguMgngw1Oq4GtQhGQovY1Sn4P82+xy+HPlb2Jb2nisGHmy8joRpujYd3zHiBxOccp8Xd0DYZFyHXQ== Completed in 0ms
134 timing metavuln:calculate:security-advisory:coffeelint-brunch:R1/BQu+ntguMgngw1Oq4GtQhGQovY1Sn4P82+xy+HPlb2Jb2nisGHmy8joRpujYd3zHiBxOccp8Xd0DYZFyHXQ== Completed in 6ms
135 timing metavuln:cache:get:security-advisory:package-name:/z6BlDvTWA9i/lkPtXe7opl/h74OhdO4Wi7JQ3/yfQD7Oq6pJGO2lco76C2fEFX2iTmi7NP9tnBDFNhX4sdT8Q== Completed in 1ms
136 timing metavuln:load:security-advisory:package-name:/DYXoM+FCwxLLop9gQ4i9q0aqWdUiEaATwCmWfOtwO2uohmQNf232xwpjCrCIFEaVN262bqYvosJ0idC/dIvqg== Completed in 0ms
137 timing metavuln:calculate:security-advisory:package-name:/DYXoM+FCwxLLop9gQ4i9q0aqWdUiEaATwCmWfOtwO2uohmQNf232xwpjCrCIFEaVN262bqYvosJ0idC/dIvqg== Completed in 2ms
138 timing auditReport:init Completed in 211ms
139 timing audit Completed in 753ms
140 timing command:audit Completed in 804ms
141 verbose exit 0
142 timing npm Completed in 867ms
143 verbose code 1
