0 verbose cli /usr/bin/node /usr/bin/npm
1 info using npm@9.2.0
2 info using node@v18.19.0
3 timing npm:load:whichnode Completed in 1ms
4 timing config:load:defaults Completed in 2ms
5 timing config:load:file:/usr/share/nodejs/npm/npmrc Completed in 3ms
6 timing config:load:builtin Completed in 3ms
7 timing config:load:cli Completed in 3ms
8 timing config:load:env Completed in 1ms
9 timing config:load:project Completed in 1ms
10 timing config:load:file:/home/niles0711/.npmrc Completed in 1ms
11 timing config:load:user Completed in 1ms
12 timing config:load:file:/etc/npmrc Completed in 0ms
13 timing config:load:global Completed in 0ms
14 timing config:load:setEnvs Completed in 2ms
15 timing config:load Completed in 13ms
16 timing npm:load:configload Completed in 13ms
17 timing npm:load:mkdirpcache Completed in 0ms
18 timing npm:load:mkdirplogs Completed in 1ms
19 verbose title npm audit fix
20 verbose argv "audit" "fix" "--force"
21 timing npm:load:setTitle Completed in 1ms
22 timing config:load:flatten Completed in 4ms
23 timing npm:load:display Completed in 6ms
24 verbose logfile logs-max:10 dir:/home/niles0711/.npm/_logs/2025-03-15T08_25_20_741Z-
25 verbose logfile /home/niles0711/.npm/_logs/2025-03-15T08_25_20_741Z-debug-0.log
26 timing npm:load:logFile Completed in 6ms
27 timing npm:load:timers Completed in 1ms
28 timing npm:load:configScope Completed in 0ms
29 warn using --force Recommended protections disabled.
30 timing npm:load Completed in 30ms
31 silly logfile start cleaning logs, removing 1 files
32 timing config:load:flatten Completed in 1ms
33 timing arborist:ctor Completed in 1ms
34 silly logfile done cleaning log files
35 silly audit report null
36 timing audit Completed in 15ms
37 timing idealTree:init Completed in 2ms
38 timing idealTree:userRequests Completed in 0ms
39 silly idealTree buildDeps
40 timing idealTree:#root Completed in 0ms
41 timing idealTree:buildDeps Completed in 2ms
42 timing idealTree:fixDepFlags Completed in 0ms
43 timing idealTree Completed in 6ms
44 timing reify:loadTrees Completed in 11ms
45 timing reify:diffTrees Completed in 1ms
46 silly reify moves {}
47 timing reify:retireShallow Completed in 1ms
48 timing reify:createSparse Completed in 1ms
49 timing reify:loadBundles Completed in 0ms
50 silly audit report null
51 timing reify:audit Completed in 1ms
52 timing reify:unpack Completed in 0ms
53 timing reify:unretire Completed in 0ms
54 timing build:queue Completed in 0ms
55 timing build:deps Completed in 0ms
56 timing build Completed in 0ms
57 timing reify:build Completed in 1ms
58 timing reify:trash Completed in 0ms
59 timing reify:save Completed in 3ms
60 timing reify Completed in 24ms
61 timing command:audit Completed in 52ms
62 verbose exit 0
63 timing npm Completed in 106ms
64 info ok
