0 verbose cli /usr/bin/node /usr/bin/npm
1 info using npm@9.2.0
2 info using node@v18.19.0
3 timing npm:load:whichnode Completed in 0ms
4 timing config:load:defaults Completed in 2ms
5 timing config:load:file:/usr/share/nodejs/npm/npmrc Completed in 5ms
6 timing config:load:builtin Completed in 6ms
7 timing config:load:cli Completed in 3ms
8 timing config:load:env Completed in 1ms
9 timing config:load:file:/home/niles0711/LinuxFiles/.npmrc Completed in 0ms
10 timing config:load:project Completed in 2ms
11 timing config:load:file:/home/niles0711/.npmrc Completed in 0ms
12 timing config:load:user Completed in 1ms
13 timing config:load:file:/etc/npmrc Completed in 1ms
14 timing config:load:global Completed in 1ms
15 timing config:load:setEnvs Completed in 2ms
16 timing config:load Completed in 18ms
17 timing npm:load:configload Completed in 18ms
18 timing npm:load:mkdirpcache Completed in 1ms
19 timing npm:load:mkdirplogs Completed in 0ms
20 verbose title npm install
21 verbose argv "install"
22 timing npm:load:setTitle Completed in 2ms
23 timing config:load:flatten Completed in 6ms
24 timing npm:load:display Completed in 8ms
25 verbose logfile logs-max:10 dir:/home/niles0711/.npm/_logs/2025-04-02T23_50_53_234Z-
26 verbose logfile /home/niles0711/.npm/_logs/2025-04-02T23_50_53_234Z-debug-0.log
27 timing npm:load:logFile Completed in 6ms
28 timing npm:load:timers Completed in 0ms
29 timing npm:load:configScope Completed in 0ms
30 timing npm:load Completed in 36ms
31 silly logfile start cleaning logs, removing 2 files
32 timing config:load:flatten Completed in 2ms
33 timing arborist:ctor Completed in 2ms
34 silly logfile done cleaning log files
35 timing idealTree:init Completed in 165ms
36 timing idealTree:userRequests Completed in 0ms
37 silly idealTree buildDeps
38 timing idealTree:#root Completed in 0ms
39 timing idealTree:buildDeps Completed in 2ms
40 timing idealTree:fixDepFlags Completed in 0ms
41 warn EBADENGINE Unsupported engine {
41 warn EBADENGINE   package: 'auto-reload-brunch@1.4.0',
41 warn EBADENGINE   required: { node: '~0.6.10 || 0.8 || 0.9' },
41 warn EBADENGINE   current: { node: 'v18.19.0', npm: '9.2.0' }
41 warn EBADENGINE }
42 warn EBADENGINE Unsupported engine {
42 warn EBADENGINE   package: 'coffeelint-brunch@1.4.4',
42 warn EBADENGINE   required: { node: '~0.6.10 || 0.8 || 0.9' },
42 warn EBADENGINE   current: { node: 'v18.19.0', npm: '9.2.0' }
42 warn EBADENGINE }
43 warn EBADENGINE Unsupported engine {
43 warn EBADENGINE   package: 'emblem-brunch@0.1.1',
43 warn EBADENGINE   required: { node: '~0.6.10 || 0.8 || 0.9' },
43 warn EBADENGINE   current: { node: 'v18.19.0', npm: '9.2.0' }
43 warn EBADENGINE }
44 warn EBADENGINE Unsupported engine {
44 warn EBADENGINE   package: 'package-name@0.1.0',
44 warn EBADENGINE   required: { node: '~0.6.10 || 0.8 || 0.9' },
44 warn EBADENGINE   current: { node: 'v18.19.0', npm: '9.2.0' }
44 warn EBADENGINE }
45 timing idealTree Completed in 186ms
46 timing arborist:ctor Completed in 1ms
47 timing reify:loadTrees Completed in 260ms
48 timing reify:diffTrees Completed in 16ms
49 silly reify moves {}
50 timing reify:retireShallow Completed in 0ms
51 timing reify:createSparse Completed in 4ms
52 timing reify:loadBundles Completed in 0ms
53 silly audit bulk request {
53 silly audit   '@asamuzakjp/css-color': [ '2.8.3' ],
53 silly audit   '@csstools/color-helpers': [ '5.0.2' ],
53 silly audit   '@csstools/css-calc': [ '2.1.2' ],
53 silly audit   '@csstools/css-color-parser': [ '3.0.8' ],
53 silly audit   '@csstools/css-parser-algorithms': [ '3.0.4' ],
53 silly audit   '@csstools/css-tokenizer': [ '3.0.3' ],
53 silly audit   ajv: [ '6.12.6' ],
53 silly audit   amdefine: [ '1.0.1' ],
53 silly audit   asn1: [ '0.2.6' ],
53 silly audit   'assert-plus': [ '1.0.0' ],
53 silly audit   asynckit: [ '0.4.0' ],
53 silly audit   'auto-reload-brunch': [ '1.4.0' ],
53 silly audit   'aws-sign2': [ '0.7.0' ],
53 silly audit   aws4: [ '1.13.2' ],
53 silly audit   'balanced-match': [ '1.0.2' ],
53 silly audit   'bcrypt-pbkdf': [ '1.0.2' ],
53 silly audit   bindings: [ '1.5.0' ],
53 silly audit   'brace-expansion': [ '1.1.11' ],
53 silly audit   caseless: [ '0.12.0' ],
53 silly audit   chainsaw: [ '0.0.9' ],
53 silly audit   'clean-css': [ '0.10.2' ],
53 silly audit   'clean-css-brunch': [ '1.5.1' ],
53 silly audit   'coffee-script': [ '1.3.3', '1.4.0' ],
53 silly audit   'coffee-script-brunch': [ '1.5.1' ],
53 silly audit   coffeelint: [ '2.1.0' ],
53 silly audit   'coffeelint-brunch': [ '1.4.4' ],
53 silly audit   coffeescript: [ '2.7.0' ],
53 silly audit   'combined-stream': [ '1.0.8' ],
53 silly audit   commander: [ '1.1.1', '0.6.1' ],
53 silly audit   'concat-map': [ '0.0.1' ],
53 silly audit   contextify: [ '0.1.15' ],
53 silly audit   'core-util-is': [ '1.0.2' ],
53 silly audit   'css-brunch': [ '1.5.1' ],
53 silly audit   cssom: [ '0.2.5' ],
53 silly audit   cssstyle: [ '4.2.1' ],
53 silly audit   dashdash: [ '1.14.1' ],
53 silly audit   debug: [ '4.4.0' ],
53 silly audit   'delayed-stream': [ '1.0.0' ],
53 silly audit   'ecc-jsbn': [ '0.1.2' ],
53 silly audit   'emblem-brunch': [ '0.1.1' ],
53 silly audit   extend: [ '3.0.2' ],
53 silly audit   extsprintf: [ '1.3.0' ],
53 silly audit   'fast-deep-equal': [ '3.1.3' ],
53 silly audit   'fast-json-stable-stringify': [ '2.1.0' ],
53 silly audit   'file-uri-to-path': [ '1.0.0' ],
53 silly audit   'forever-agent': [ '0.6.1' ],
53 silly audit   'form-data': [ '2.3.3' ],
53 silly audit   'fs.realpath': [ '1.0.0' ],
53 silly audit   getpass: [ '0.1.7' ],
53 silly audit   glob: [ '7.2.3' ],
53 silly audit   'har-schema': [ '2.0.0' ],
53 silly audit   'har-validator': [ '5.1.5' ],
53 silly audit   hashish: [ '0.0.4' ],
53 silly audit   htmlparser: [ '1.7.7' ],
53 silly audit   'http-signature': [ '1.2.0' ],
53 silly audit   ignore: [ '3.3.10' ],
53 silly audit   imagemagick: [ '0.1.2' ],
53 silly audit   inflight: [ '1.0.6' ],
53 silly audit   inherits: [ '2.0.4' ],
53 silly audit   'is-typedarray': [ '1.0.0' ],
53 silly audit   isstream: [ '0.1.2' ],
53 silly audit   'javascript-brunch': [ '1.5.1' ],
53 silly audit   jsbn: [ '0.1.1' ],
53 silly audit   jsdom: [ '0.2.19' ],
53 silly audit   'json-schema': [ '0.4.0' ],
53 silly audit   'json-schema-traverse': [ '0.4.1' ],
53 silly audit   'json-stringify-safe': [ '5.0.1' ],
53 silly audit   jsprim: [ '1.4.2' ],
53 silly audit   keypress: [ '0.1.0' ],
53 silly audit   'lru-cache': [ '10.4.3' ],
53 silly audit   'mime-db': [ '1.52.0' ],
53 silly audit   'mime-types': [ '2.1.35' ],
53 silly audit   minimatch: [ '3.1.2' ],
53 silly audit   minimist: [ '0.0.10' ],
53 silly audit   mkdirp: [ '0.3.5' ],
53 silly audit   ms: [ '2.1.3' ],
53 silly audit   nan: [ '2.22.2' ],
53 silly audit   nib: [ '0.9.2' ],
53 silly audit   stylus: [ '0.31.0', '0.32.1' ],
53 silly audit   'node-sprite': [ '0.1.1' ],
53 silly audit   'oauth-sign': [ '0.9.0' ],
53 silly audit   once: [ '1.4.0' ],
53 silly audit   optimist: [ '0.6.1', '0.3.7' ],
53 silly audit   options: [ '0.0.6' ],
53 silly audit   'package-name': [ '0.1.0' ],
53 silly audit   'path-is-absolute': [ '1.0.1' ],
53 silly audit   'performance-now': [ '2.1.0' ],
53 silly audit   psl: [ '1.15.0' ],
53 silly audit   punycode: [ '2.3.1' ],
53 silly audit   qs: [ '6.5.3' ],
53 silly audit   request: [ '2.88.2' ],
53 silly audit   resolve: [ '0.6.3' ],
53 silly audit   'rrweb-cssom': [ '0.8.0' ],
53 silly audit   'safe-buffer': [ '5.2.1' ],
53 silly audit   'safer-buffer': [ '2.1.2' ],
53 silly audit   seq: [ '0.3.5' ],
53 silly audit   'source-map': [ '0.1.43' ],
53 silly audit   sshpk: [ '1.18.0' ],
53 silly audit   'strip-json-comments': [ '1.0.4' ],
53 silly audit   'stylus-brunch': [ '1.5.1' ],
53 silly audit   tinycolor: [ '0.0.1' ],
53 silly audit   'tough-cookie': [ '2.5.0' ],
53 silly audit   traverse: [ '0.3.9' ],
53 silly audit   'tunnel-agent': [ '0.6.0' ],
53 silly audit   tweetnacl: [ '0.14.5' ],
53 silly audit   'uglify-js': [ '2.2.5' ],
53 silly audit   'uglify-js-brunch': [ '1.5.1' ],
53 silly audit   underscore: [ '1.3.1' ],
53 silly audit   'uri-js': [ '4.4.1' ],
53 silly audit   uuid: [ '3.4.0' ],
53 silly audit   verror: [ '1.10.0' ],
53 silly audit   watch: [ '0.5.1' ],
53 silly audit   wordwrap: [ '0.0.3' ],
53 silly audit   wrappy: [ '1.0.2' ],
53 silly audit   ws: [ '0.4.20' ]
53 silly audit }
54 timing reifyNode:node_modules/bindings Completed in 176ms
55 timing reifyNode:node_modules/file-uri-to-path Completed in 181ms
56 timing reifyNode:node_modules/contextify Completed in 184ms
57 timing reifyNode:node_modules/nan Completed in 202ms
58 timing reify:unpack Completed in 202ms
59 timing reify:unretire Completed in 1ms
60 timing build:queue Completed in 2ms
61 info run contextify@0.1.15 install node_modules/contextify node-gyp rebuild
62 http fetch POST 200 https://registry.npmjs.org/-/npm/v1/security/advisories/bulk 477ms
63 timing auditReport:getReport Completed in 482ms
64 silly audit report {
64 silly audit report   'clean-css': [
64 silly audit report     {
64 silly audit report       id: 1091669,
64 silly audit report       url: 'https://github.com/advisories/GHSA-wxhq-pm8v-cw75',
64 silly audit report       title: 'Regular Expression Denial of Service in clean-css',
64 silly audit report       severity: 'low',
64 silly audit report       vulnerable_versions: '<4.1.11',
64 silly audit report       cwe: [Array],
64 silly audit report       cvss: [Object]
64 silly audit report     }
64 silly audit report   ],
64 silly audit report   minimist: [
64 silly audit report     {
64 silly audit report       id: 1097677,
64 silly audit report       url: 'https://github.com/advisories/GHSA-xvch-5gv4-984h',
64 silly audit report       title: 'Prototype Pollution in minimist',
64 silly audit report       severity: 'critical',
64 silly audit report       vulnerable_versions: '<0.2.4',
64 silly audit report       cwe: [Array],
64 silly audit report       cvss: [Object]
64 silly audit report     },
64 silly audit report     {
64 silly audit report       id: 1096466,
64 silly audit report       url: 'https://github.com/advisories/GHSA-vh95-rmgr-6w4m',
64 silly audit report       title: 'Prototype Pollution in minimist',
64 silly audit report       severity: 'moderate',
64 silly audit report       vulnerable_versions: '<0.2.1',
64 silly audit report       cwe: [Array],
64 silly audit report       cvss: [Object]
64 silly audit report     }
64 silly audit report   ],
64 silly audit report   request: [
64 silly audit report     {
64 silly audit report       id: 1096727,
64 silly audit report       url: 'https://github.com/advisories/GHSA-p8p7-x288-28g6',
64 silly audit report       title: 'Server-Side Request Forgery in Request',
64 silly audit report       severity: 'moderate',
64 silly audit report       vulnerable_versions: '<=2.88.2',
64 silly audit report       cwe: [Array],
64 silly audit report       cvss: [Object]
64 silly audit report     }
64 silly audit report   ],
64 silly audit report   'tough-cookie': [
64 silly audit report     {
64 silly audit report       id: 1097682,
64 silly audit report       url: 'https://github.com/advisories/GHSA-72xf-g2v4-qvf3',
64 silly audit report       title: 'tough-cookie Prototype Pollution vulnerability',
64 silly audit report       severity: 'moderate',
64 silly audit report       vulnerable_versions: '<4.1.3',
64 silly audit report       cwe: [Array],
64 silly audit report       cvss: [Object]
64 silly audit report     }
64 silly audit report   ],
64 silly audit report   'uglify-js': [
64 silly audit report     {
64 silly audit report       id: 1091686,
64 silly audit report       url: 'https://github.com/advisories/GHSA-c9f4-xj24-8jqx',
64 silly audit report       title: 'Regular Expression Denial of Service in uglify-js',
64 silly audit report       severity: 'high',
64 silly audit report       vulnerable_versions: '<2.6.0',
64 silly audit report       cwe: [Array],
64 silly audit report       cvss: [Object]
64 silly audit report     },
64 silly audit report     {
64 silly audit report       id: 1091710,
64 silly audit report       url: 'https://github.com/advisories/GHSA-34r7-q49f-h37c',
64 silly audit report       title: 'Incorrect Handling of Non-Boolean Comparisons During Minification in uglify-js',
64 silly audit report       severity: 'critical',
64 silly audit report       vulnerable_versions: '<2.4.24',
64 silly audit report       cwe: [Array],
64 silly audit report       cvss: [Object]
64 silly audit report     }
64 silly audit report   ],
64 silly audit report   ws: [
64 silly audit report     {
64 silly audit report       id: 1091478,
64 silly audit report       url: 'https://github.com/advisories/GHSA-5v72-xg48-5rpm',
64 silly audit report       title: 'Denial of Service in ws',
64 silly audit report       severity: 'high',
64 silly audit report       vulnerable_versions: '>=0.2.6 <1.1.5',
64 silly audit report       cwe: [Array],
64 silly audit report       cvss: [Object]
64 silly audit report     },
64 silly audit report     {
64 silly audit report       id: 1093982,
64 silly audit report       url: 'https://github.com/advisories/GHSA-2mhh-w6q8-5hxw',
64 silly audit report       title: 'Remote Memory Disclosure in ws',
64 silly audit report       severity: 'low',
64 silly audit report       vulnerable_versions: '<1.0.1',
64 silly audit report       cwe: [Array],
64 silly audit report       cvss: [Object]
64 silly audit report     },
64 silly audit report     {
64 silly audit report       id: 1090891,
64 silly audit report       url: 'https://github.com/advisories/GHSA-6663-c963-2gqg',
64 silly audit report       title: 'DoS due to excessively large websocket message in ws',
64 silly audit report       severity: 'high',
64 silly audit report       vulnerable_versions: '<1.1.1',
64 silly audit report       cwe: [Array],
64 silly audit report       cvss: [Object]
64 silly audit report     }
64 silly audit report   ]
64 silly audit report }
65 timing metavuln:cache:get:security-advisory:clean-css:iMGvPnQPibsv5sFRVwiwq5tChAgPgMixbCiMVnE7uOtiV7ihb7wX2nCVu/GtFsPTjz/NWWlr2eQ3/hntNL0aVQ== Completed in 41ms
66 timing metavuln:cache:get:security-advisory:minimist:QimlM5Z6RrlJkvnLve505LPmyXiRKjlmN2wsiL9+HewfCu+Fa13/XaY2fHzsWFIjaoVa5OLkSeRydwJ9iPePvQ== Completed in 39ms
67 timing metavuln:cache:get:security-advisory:minimist:rIccfKG/WgGQHCq61vlHWGeeRSnFST18fFsFAPa1Q+DaBX3wJ5inrhpj/FqqHv0K1bfrQHIcbJH1R0VYw1sW5g== Completed in 38ms
68 timing metavuln:cache:get:security-advisory:request:YWMj9j1MPluG/i7GM3/il619Yyh/e9mxa0CiULhZGXRZl+TQlFyAG7gUf9x/Cj8XvveNYjOq7h13G6ZKSAmEzg== Completed in 38ms
69 timing metavuln:cache:get:security-advisory:tough-cookie:HH4YVJ2IpK7ANH6p8LNg+k61Fu3TjSqeiGZyE/iWXMDZiu9lna7Sl4I8RyLwD0qX6/1Wt6M1uDH5lAibFJHdLA== Completed in 38ms
70 timing metavuln:cache:get:security-advisory:uglify-js:hkwtVp5Fvwe6o2MAcQo+RyegEtzqEyBw2xUs87y6TNaHzV+TQ0nkFIvmWpLbAXKt881YQNkvrwPJACyKVdQ1lw== Completed in 37ms
71 timing metavuln:cache:get:security-advisory:uglify-js:sIR+f54Y390B18gaW2mKxeeKExLmqIiE6d/MoH/39jLX6WrSSRO6eq0QhXD261Gq2uqv8C+KXY2/vWEQpGSJ0Q== Completed in 37ms
72 timing metavuln:cache:get:security-advisory:ws:OOTyj3rdoCycsjAu8ggQ4YeThqQp1KuZp6AY44aojML/ef4S4ntpjIGBTczB1C/9SfKtrrWuj8iYb4J6q709tQ== Completed in 37ms
73 timing metavuln:cache:get:security-advisory:ws:aVHUWcfHgV7NM39IXPuIb3m2ocLIXyE4Mot0EnSDI46oN/gWO+U1xr5QLpKo4ZvodKLplXTvf/ggxzcR27XHgQ== Completed in 39ms
74 timing metavuln:cache:get:security-advisory:ws:Txpesqi4pDU7R0EKKVir8IYOT81oqVBYZms6a+VLqx/qspKQ26S9UT+ZxO6FyRubDUkPWrk0txdJg1EsnRkQyQ== Completed in 37ms
75 http fetch GET 200 https://registry.npmjs.org/tough-cookie 202ms (cache updated)
76 timing metavuln:packument:tough-cookie Completed in 204ms
77 timing metavuln:load:security-advisory:tough-cookie:1097682 Completed in 1ms
78 timing metavuln:calculate:security-advisory:tough-cookie:1097682 Completed in 206ms
79 http fetch GET 200 https://registry.npmjs.org/clean-css 219ms (cache updated)
80 timing metavuln:packument:clean-css Completed in 224ms
81 timing metavuln:load:security-advisory:clean-css:1091669 Completed in 1ms
82 timing metavuln:calculate:security-advisory:clean-css:1091669 Completed in 228ms
83 http fetch GET 200 https://registry.npmjs.org/ws 225ms (cache updated)
84 timing metavuln:packument:ws Completed in 229ms
85 timing metavuln:load:security-advisory:ws:1091478 Completed in 1ms
86 timing metavuln:calculate:security-advisory:ws:1091478 Completed in 230ms
87 timing metavuln:load:security-advisory:ws:1093982 Completed in 2ms
88 timing metavuln:calculate:security-advisory:ws:1093982 Completed in 231ms
89 timing metavuln:load:security-advisory:ws:1090891 Completed in 1ms
90 timing metavuln:calculate:security-advisory:ws:1090891 Completed in 232ms
91 http fetch GET 200 https://registry.npmjs.org/uglify-js 241ms (cache updated)
92 timing metavuln:packument:uglify-js Completed in 244ms
93 timing metavuln:load:security-advisory:uglify-js:1091686 Completed in 2ms
94 timing metavuln:calculate:security-advisory:uglify-js:1091686 Completed in 246ms
95 timing metavuln:load:security-advisory:uglify-js:1091710 Completed in 1ms
96 timing metavuln:calculate:security-advisory:uglify-js:1091710 Completed in 247ms
97 http fetch GET 200 https://registry.npmjs.org/minimist 281ms (cache updated)
98 timing metavuln:packument:minimist Completed in 282ms
99 timing metavuln:load:security-advisory:minimist:1097677 Completed in 0ms
100 timing metavuln:calculate:security-advisory:minimist:1097677 Completed in 282ms
101 timing metavuln:load:security-advisory:minimist:1096466 Completed in 0ms
102 timing metavuln:calculate:security-advisory:minimist:1096466 Completed in 281ms
103 http fetch GET 200 https://registry.npmjs.org/request 283ms (cache updated)
104 timing metavuln:packument:request Completed in 289ms
105 timing metavuln:load:security-advisory:request:1096727 Completed in 1ms
106 timing metavuln:calculate:security-advisory:request:1096727 Completed in 290ms
107 timing metavuln:cache:get:security-advisory:clean-css-brunch:e5O9HjtU22JVM0OVjZ/5Jw+hyF8CBqgzuZ6zC53ydvUqpc5mzSBbkJ9ZwU1Wd7yefz57NhYzKCyi/3wlRtjA6g== Completed in 3ms
108 http fetch GET 200 https://registry.npmjs.org/clean-css-brunch 120ms (cache updated)
109 timing metavuln:packument:clean-css-brunch Completed in 122ms
110 timing metavuln:load:security-advisory:clean-css-brunch:iMGvPnQPibsv5sFRVwiwq5tChAgPgMixbCiMVnE7uOtiV7ihb7wX2nCVu/GtFsPTjz/NWWlr2eQ3/hntNL0aVQ== Completed in 0ms
111 timing metavuln:calculate:security-advisory:clean-css-brunch:iMGvPnQPibsv5sFRVwiwq5tChAgPgMixbCiMVnE7uOtiV7ihb7wX2nCVu/GtFsPTjz/NWWlr2eQ3/hntNL0aVQ== Completed in 122ms
112 timing metavuln:cache:get:security-advisory:optimist:tmVmYWS6FQcT7y6XrbgzURIKU76vdRRKah+xrFm+g9dplgQQr5BLqmVbXNlBT5jyeurE5qH/zpqm4XimMXxVfg== Completed in 8ms
113 http fetch GET 200 https://registry.npmjs.org/optimist 104ms (cache updated)
114 timing metavuln:packument:optimist Completed in 106ms
115 timing metavuln:load:security-advisory:optimist:QimlM5Z6RrlJkvnLve505LPmyXiRKjlmN2wsiL9+HewfCu+Fa13/XaY2fHzsWFIjaoVa5OLkSeRydwJ9iPePvQ== Completed in 0ms
116 timing metavuln:calculate:security-advisory:optimist:QimlM5Z6RrlJkvnLve505LPmyXiRKjlmN2wsiL9+HewfCu+Fa13/XaY2fHzsWFIjaoVa5OLkSeRydwJ9iPePvQ== Completed in 108ms
117 timing metavuln:cache:get:security-advisory:jsdom:NUrChmA+vUmQUPTLJ6tJuyWFjtb7mZkYXgH4lycYGv8Erl+jrRUoCMlWzUb2AN/X3L8RcCRagp0IJQr/PmQ8kw== Completed in 5ms
118 http fetch GET 200 https://registry.npmjs.org/jsdom 106ms (cache updated)
119 timing metavuln:packument:jsdom Completed in 114ms
120 timing metavuln:load:security-advisory:jsdom:YWMj9j1MPluG/i7GM3/il619Yyh/e9mxa0CiULhZGXRZl+TQlFyAG7gUf9x/Cj8XvveNYjOq7h13G6ZKSAmEzg== Completed in 3ms
121 timing metavuln:calculate:security-advisory:jsdom:YWMj9j1MPluG/i7GM3/il619Yyh/e9mxa0CiULhZGXRZl+TQlFyAG7gUf9x/Cj8XvveNYjOq7h13G6ZKSAmEzg== Completed in 118ms
122 timing metavuln:cache:get:security-advisory:request:SXLdKIK0oNYiZcJA1zcvQ9uMNgtFuJ8RsciawDgUvI3vk/phuqOevDPc9iKvTxXaWKJ78SqXWm85UEYG2mYHYA== Completed in 5ms
123 timing metavuln:load:security-advisory:request:HH4YVJ2IpK7ANH6p8LNg+k61Fu3TjSqeiGZyE/iWXMDZiu9lna7Sl4I8RyLwD0qX6/1Wt6M1uDH5lAibFJHdLA== Completed in 1ms
124 timing metavuln:calculate:security-advisory:request:HH4YVJ2IpK7ANH6p8LNg+k61Fu3TjSqeiGZyE/iWXMDZiu9lna7Sl4I8RyLwD0qX6/1Wt6M1uDH5lAibFJHdLA== Completed in 7ms
125 timing metavuln:cache:get:security-advisory:uglify-js-brunch:H7iADQmIPrq6M3XiBHNghhy59A5BkYPjMayp4HRfB8q7jVMgCundrsSiZaaULQxJfEh0RWNorX2ZOfEv85Tltg== Completed in 7ms
126 http fetch GET 200 https://registry.npmjs.org/uglify-js-brunch 144ms (cache updated)
127 timing metavuln:packument:uglify-js-brunch Completed in 145ms
128 timing metavuln:load:security-advisory:uglify-js-brunch:hkwtVp5Fvwe6o2MAcQo+RyegEtzqEyBw2xUs87y6TNaHzV+TQ0nkFIvmWpLbAXKt881YQNkvrwPJACyKVdQ1lw== Completed in 0ms
129 timing metavuln:calculate:security-advisory:uglify-js-brunch:hkwtVp5Fvwe6o2MAcQo+RyegEtzqEyBw2xUs87y6TNaHzV+TQ0nkFIvmWpLbAXKt881YQNkvrwPJACyKVdQ1lw== Completed in 146ms
130 timing metavuln:cache:get:security-advisory:auto-reload-brunch:Z6riGLL0YpwnFPPuFm0qVEteSgW14zfzMyVkh14Byz6WgoPK7pkq43ajkSFYqdNNYYlkGdiMW3X5wQmnYfkK+w== Completed in 5ms
131 http fetch GET 200 https://registry.npmjs.org/auto-reload-brunch 128ms (cache updated)
132 timing metavuln:packument:auto-reload-brunch Completed in 129ms
133 timing metavuln:load:security-advisory:auto-reload-brunch:aVHUWcfHgV7NM39IXPuIb3m2ocLIXyE4Mot0EnSDI46oN/gWO+U1xr5QLpKo4ZvodKLplXTvf/ggxzcR27XHgQ== Completed in 0ms
134 timing metavuln:calculate:security-advisory:auto-reload-brunch:aVHUWcfHgV7NM39IXPuIb3m2ocLIXyE4Mot0EnSDI46oN/gWO+U1xr5QLpKo4ZvodKLplXTvf/ggxzcR27XHgQ== Completed in 130ms
135 timing metavuln:cache:get:security-advisory:package-name:sOVJJlFIkMbIcJz9TrYDJx+xll2t15UYubsL3p4/WL2XSH85jDtn6SAOv+aX7NvHZ4jGtwBv9Ioii/v8hQmYGA== Completed in 9ms
136 http fetch GET 200 https://registry.npmjs.org/package-name 116ms (cache updated)
137 timing metavuln:packument:package-name Completed in 118ms
138 timing metavuln:load:security-advisory:package-name:e5O9HjtU22JVM0OVjZ/5Jw+hyF8CBqgzuZ6zC53ydvUqpc5mzSBbkJ9ZwU1Wd7yefz57NhYzKCyi/3wlRtjA6g== Completed in 0ms
139 timing metavuln:calculate:security-advisory:package-name:e5O9HjtU22JVM0OVjZ/5Jw+hyF8CBqgzuZ6zC53ydvUqpc5mzSBbkJ9ZwU1Wd7yefz57NhYzKCyi/3wlRtjA6g== Completed in 118ms
140 timing metavuln:cache:get:security-advisory:coffeelint:R1/BQu+ntguMgngw1Oq4GtQhGQovY1Sn4P82+xy+HPlb2Jb2nisGHmy8joRpujYd3zHiBxOccp8Xd0DYZFyHXQ== Completed in 5ms
141 http fetch GET 200 https://registry.npmjs.org/coffeelint 131ms (cache updated)
142 timing metavuln:packument:coffeelint Completed in 135ms
143 timing metavuln:load:security-advisory:coffeelint:tmVmYWS6FQcT7y6XrbgzURIKU76vdRRKah+xrFm+g9dplgQQr5BLqmVbXNlBT5jyeurE5qH/zpqm4XimMXxVfg== Completed in 1ms
144 timing metavuln:calculate:security-advisory:coffeelint:tmVmYWS6FQcT7y6XrbgzURIKU76vdRRKah+xrFm+g9dplgQQr5BLqmVbXNlBT5jyeurE5qH/zpqm4XimMXxVfg== Completed in 136ms
145 timing metavuln:cache:get:security-advisory:emblem-brunch:/DYXoM+FCwxLLop9gQ4i9q0aqWdUiEaATwCmWfOtwO2uohmQNf232xwpjCrCIFEaVN262bqYvosJ0idC/dIvqg== Completed in 4ms
146 http fetch GET 200 https://registry.npmjs.org/emblem-brunch 139ms (cache updated)
147 timing metavuln:packument:emblem-brunch Completed in 140ms
148 timing metavuln:load:security-advisory:emblem-brunch:NUrChmA+vUmQUPTLJ6tJuyWFjtb7mZkYXgH4lycYGv8Erl+jrRUoCMlWzUb2AN/X3L8RcCRagp0IJQr/PmQ8kw== Completed in 0ms
149 timing metavuln:calculate:security-advisory:emblem-brunch:NUrChmA+vUmQUPTLJ6tJuyWFjtb7mZkYXgH4lycYGv8Erl+jrRUoCMlWzUb2AN/X3L8RcCRagp0IJQr/PmQ8kw== Completed in 141ms
150 timing metavuln:cache:get:security-advisory:package-name:jHD3jSeDaaGGTNWh9FU3pS+vMczauIzfUWxkobQTyrUGdgTQc8za9GPt0jLBDumfCSGTkWrJn7vnnGB4nLhLeQ== Completed in 4ms
151 timing metavuln:load:security-advisory:package-name:H7iADQmIPrq6M3XiBHNghhy59A5BkYPjMayp4HRfB8q7jVMgCundrsSiZaaULQxJfEh0RWNorX2ZOfEv85Tltg== Completed in 0ms
152 timing metavuln:calculate:security-advisory:package-name:H7iADQmIPrq6M3XiBHNghhy59A5BkYPjMayp4HRfB8q7jVMgCundrsSiZaaULQxJfEh0RWNorX2ZOfEv85Tltg== Completed in 6ms
153 timing metavuln:cache:get:security-advisory:package-name:3NJ3h/iWsLndlbYS2tOMQVhubhEnpQOuVlYDQ3n/9eDthqsoNf7Xd0AGOTQbIJoBdG1uZrsXLAm3KFVICgxxcw== Completed in 2ms
154 timing metavuln:load:security-advisory:package-name:Z6riGLL0YpwnFPPuFm0qVEteSgW14zfzMyVkh14Byz6WgoPK7pkq43ajkSFYqdNNYYlkGdiMW3X5wQmnYfkK+w== Completed in 0ms
155 timing metavuln:calculate:security-advisory:package-name:Z6riGLL0YpwnFPPuFm0qVEteSgW14zfzMyVkh14Byz6WgoPK7pkq43ajkSFYqdNNYYlkGdiMW3X5wQmnYfkK+w== Completed in 3ms
156 timing metavuln:cache:get:security-advisory:coffeelint-brunch:7gGHI2TBJPSDbuyvs8bFqNQzEQBFPssAUdhQShPJvMlvh3iSHeB8WMraqttxVOHNy9vRx9r8pBMltq4sOyiUMg== Completed in 3ms
157 http fetch GET 200 https://registry.npmjs.org/coffeelint-brunch 162ms (cache updated)
158 timing metavuln:packument:coffeelint-brunch Completed in 164ms
159 timing metavuln:load:security-advisory:coffeelint-brunch:R1/BQu+ntguMgngw1Oq4GtQhGQovY1Sn4P82+xy+HPlb2Jb2nisGHmy8joRpujYd3zHiBxOccp8Xd0DYZFyHXQ== Completed in 1ms
160 timing metavuln:calculate:security-advisory:coffeelint-brunch:R1/BQu+ntguMgngw1Oq4GtQhGQovY1Sn4P82+xy+HPlb2Jb2nisGHmy8joRpujYd3zHiBxOccp8Xd0DYZFyHXQ== Completed in 166ms
161 timing metavuln:cache:get:security-advisory:package-name:/z6BlDvTWA9i/lkPtXe7opl/h74OhdO4Wi7JQ3/yfQD7Oq6pJGO2lco76C2fEFX2iTmi7NP9tnBDFNhX4sdT8Q== Completed in 2ms
162 timing metavuln:load:security-advisory:package-name:/DYXoM+FCwxLLop9gQ4i9q0aqWdUiEaATwCmWfOtwO2uohmQNf232xwpjCrCIFEaVN262bqYvosJ0idC/dIvqg== Completed in 0ms
163 timing metavuln:calculate:security-advisory:package-name:/DYXoM+FCwxLLop9gQ4i9q0aqWdUiEaATwCmWfOtwO2uohmQNf232xwpjCrCIFEaVN262bqYvosJ0idC/dIvqg== Completed in 2ms
164 timing auditReport:init Completed in 1512ms
165 timing reify:audit Completed in 1996ms
166 info run contextify@0.1.15 install { code: 1, signal: null }
167 verbose reify failed optional dependency /home/niles0711/LinuxFiles/node_modules/contextify
168 silly reify mark deleted [ '/home/niles0711/LinuxFiles/node_modules/contextify' ]
169 verbose reify failed optional dependency /home/niles0711/LinuxFiles/node_modules/bindings
170 silly reify mark deleted [ '/home/niles0711/LinuxFiles/node_modules/bindings' ]
171 verbose reify failed optional dependency /home/niles0711/LinuxFiles/node_modules/nan
172 silly reify mark deleted [ '/home/niles0711/LinuxFiles/node_modules/nan' ]
173 verbose reify failed optional dependency /home/niles0711/LinuxFiles/node_modules/file-uri-to-path
174 silly reify mark deleted [ '/home/niles0711/LinuxFiles/node_modules/file-uri-to-path' ]
175 timing build:run:install:node_modules/contextify Completed in 3104ms
176 timing build:run:install Completed in 3104ms
177 timing build:deps Completed in 3107ms
178 timing build Completed in 3107ms
179 timing reify:build Completed in 3108ms
180 timing reify:trash Completed in 11ms
181 timing reify:save Completed in 42ms
182 timing reify Completed in 3696ms
183 silly ADD
184 silly ADD
185 silly ADD
186 silly ADD
187 timing command:install Completed in 3745ms
188 verbose exit 0
189 timing npm Completed in 3811ms
190 info ok
