0 verbose cli /usr/bin/node /usr/bin/npm
1 info using npm@9.2.0
2 info using node@v18.19.0
3 timing npm:load:whichnode Completed in 0ms
4 timing config:load:defaults Completed in 2ms
5 timing config:load:file:/usr/share/nodejs/npm/npmrc Completed in 2ms
6 timing config:load:builtin Completed in 3ms
7 timing config:load:cli Completed in 2ms
8 timing config:load:env Completed in 1ms
9 timing config:load:project Completed in 2ms
10 timing config:load:file:/home/niles0711/.npmrc Completed in 1ms
11 timing config:load:user Completed in 1ms
12 timing config:load:file:/etc/npmrc Completed in 0ms
13 timing config:load:global Completed in 0ms
14 timing config:load:setEnvs Completed in 1ms
15 timing config:load Completed in 14ms
16 timing npm:load:configload Completed in 14ms
17 timing npm:load:mkdirpcache Completed in 1ms
18 timing npm:load:mkdirplogs Completed in 0ms
19 verbose title npm run install
20 verbose argv "run" "install"
21 timing npm:load:setTitle Completed in 1ms
22 timing config:load:flatten Completed in 4ms
23 timing npm:load:display Completed in 5ms
24 verbose logfile logs-max:10 dir:/home/niles0711/.npm/_logs/2025-04-01T07_31_58_412Z-
25 verbose logfile /home/niles0711/.npm/_logs/2025-04-01T07_31_58_412Z-debug-0.log
26 timing npm:load:logFile Completed in 8ms
27 timing npm:load:timers Completed in 0ms
28 timing npm:load:configScope Completed in 0ms
29 timing npm:load Completed in 31ms
30 silly logfile start cleaning logs, removing 1 files
31 timing command:run Completed in 2ms
32 verbose stack Error: ENOENT: no such file or directory, open '/home/niles0711/package.json'
33 verbose cwd /home/niles0711
34 verbose Linux 6.6.67-06628-g571b599e617d
35 verbose node v18.19.0
36 verbose npm  v9.2.0
37 error code ENOENT
38 error syscall open
39 error path /home/niles0711/package.json
40 error errno -2
41 error enoent ENOENT: no such file or directory, open '/home/niles0711/package.json'
42 error enoent This is related to npm not being able to find a file.
42 error enoent
43 verbose exit -2
44 timing npm Completed in 67ms
45 verbose code -2
46 error A complete log of this run can be found in:
46 error     /home/niles0711/.npm/_logs/2025-04-01T07_31_58_412Z-debug-0.log
